Error parsing '/home/koki/ros2_studies_ws/ros2_test/package.xml':
Traceback (most recent call last):
  File "/home/koki/ros2_dashing/install/ament_cmake_core/share/ament_cmake_core/cmake/core/package_xml_2_cmake.py", line 143, in <module>
    main()
  File "/home/koki/ros2_dashing/install/ament_cmake_core/share/ament_cmake_core/cmake/core/package_xml_2_cmake.py", line 52, in main
    raise e
  File "/home/koki/ros2_dashing/install/ament_cmake_core/share/ament_cmake_core/cmake/core/package_xml_2_cmake.py", line 49, in main
    args.package_xml.read(), filename=args.package_xml.name)
  File "/usr/lib/python3/dist-packages/catkin_pkg/package.py", line 771, in parse_package_string
    raise InvalidPackage('Error(s):%s' % (''.join(['\n- %s' % e for e in errors])), filename)
catkin_pkg.package.InvalidPackage: Error(s) in package '/home/koki/ros2_studies_ws/ros2_test/package.xml':
Error(s):
- The generic dependency on 'rclcpp' is redundant with: build_depend, exec_depend
CMake Error at /home/koki/ros2_dashing/install/ament_cmake_core/share/ament_cmake_core/cmake/core/ament_package_xml.cmake:94 (message):
  execute_process(/usr/bin/python3
  /home/koki/ros2_dashing/install/ament_cmake_core/share/ament_cmake_core/cmake/core/package_xml_2_cmake.py
  /home/koki/ros2_studies_ws/ros2_test/package.xml
  /home/koki/ros2_studies_ws/build/ros2_test/ament_cmake_core/package.cmake)
  returned error code 1
Call Stack (most recent call first):
  /home/koki/ros2_dashing/install/ament_cmake_core/share/ament_cmake_core/cmake/core/ament_package_xml.cmake:49 (_ament_package_xml)
  /home/koki/ros2_dashing/install/ament_lint_auto/share/ament_lint_auto/cmake/ament_lint_auto_find_test_dependencies.cmake:31 (ament_package_xml)
  CMakeLists.txt:41 (ament_lint_auto_find_test_dependencies)


make: *** [cmake_check_build_system] Error 1
