-- Found ament_cmake: 0.7.5 (/home/koki/ros2_dashing/install/ament_cmake/share/ament_cmake/cmake)
-- Using PYTHON_EXECUTABLE: /usr/bin/python3
-- Found rclcpp: 0.7.14 (/home/koki/ros2_dashing/install/rclcpp/share/rclcpp/cmake)
-- Found rosidl_adapter: 0.7.9 (/home/koki/ros2_dashing/install/rosidl_adapter/share/rosidl_adapter/cmake)
-- Found rmw_implementation_cmake: 0.7.2 (/home/koki/ros2_dashing/install/rmw_implementation_cmake/share/rmw_implementation_cmake/cmake)
-- Using RMW implementation 'rmw_fastrtps_cpp' as default
-- Found ament_lint_auto: 0.7.12 (/home/koki/ros2_dashing/install/ament_lint_auto/share/ament_lint_auto/cmake)
Error parsing '/home/koki/ros2_studies_ws/ros2_test/package.xml':
Traceback (most recent call last):
  File "/home/koki/ros2_dashing/install/ament_cmake_core/share/ament_cmake_core/cmake/core/package_xml_2_cmake.py", line 143, in <module>
    main()
  File "/home/koki/ros2_dashing/install/ament_cmake_core/share/ament_cmake_core/cmake/core/package_xml_2_cmake.py", line 52, in main
    raise e
  File "/home/koki/ros2_dashing/install/ament_cmake_core/share/ament_cmake_core/cmake/core/package_xml_2_cmake.py", line 49, in main
    args.package_xml.read(), filename=args.package_xml.name)
  File "/usr/lib/python3/dist-packages/catkin_pkg/package.py", line 771, in parse_package_string
    raise InvalidPackage('Error(s):%s' % (''.join(['\n- %s' % e for e in errors])), filename)
catkin_pkg.package.InvalidPackage: Error(s) in package '/home/koki/ros2_studies_ws/ros2_test/package.xml':
Error(s):
- The generic dependency on 'rclcpp' is redundant with: build_depend, exec_depend
CMake Error at /home/koki/ros2_dashing/install/ament_cmake_core/share/ament_cmake_core/cmake/core/ament_package_xml.cmake:94 (message):
  execute_process(/usr/bin/python3
  /home/koki/ros2_dashing/install/ament_cmake_core/share/ament_cmake_core/cmake/core/package_xml_2_cmake.py
  /home/koki/ros2_studies_ws/ros2_test/package.xml
  /home/koki/ros2_studies_ws/build/ros2_test/ament_cmake_core/package.cmake)
  returned error code 1
Call Stack (most recent call first):
  /home/koki/ros2_dashing/install/ament_cmake_core/share/ament_cmake_core/cmake/core/ament_package_xml.cmake:49 (_ament_package_xml)
  /home/koki/ros2_dashing/install/ament_lint_auto/share/ament_lint_auto/cmake/ament_lint_auto_find_test_dependencies.cmake:31 (ament_package_xml)
  CMakeLists.txt:41 (ament_lint_auto_find_test_dependencies)


-- Configuring incomplete, errors occurred!
See also "/home/koki/ros2_studies_ws/build/ros2_test/CMakeFiles/CMakeOutput.log".
See also "/home/koki/ros2_studies_ws/build/ros2_test/CMakeFiles/CMakeError.log".
Makefile:208: recipe for target 'cmake_check_build_system' failed
make: *** [cmake_check_build_system] Error 1
