[0.041s] Invoking command in '/home/koki/ros2_studies_ws/build/ros2_test': /usr/bin/cmake --build /home/koki/ros2_studies_ws/build/ros2_test -- -j8 -l8
[0.077s] -- Found ament_cmake: 0.7.5 (/home/koki/ros2_dashing/install/ament_cmake/share/ament_cmake/cmake)
[0.141s] -- Using PYTHON_EXECUTABLE: /usr/bin/python3
[0.487s] -- Found rclcpp: 0.7.14 (/home/koki/ros2_dashing/install/rclcpp/share/rclcpp/cmake)
[0.531s] -- Found rosidl_adapter: 0.7.9 (/home/koki/ros2_dashing/install/rosidl_adapter/share/rosidl_adapter/cmake)
[0.556s] -- Found rmw_implementation_cmake: 0.7.2 (/home/koki/ros2_dashing/install/rmw_implementation_cmake/share/rmw_implementation_cmake/cmake)
[0.589s] -- Using RMW implementation 'rmw_fastrtps_cpp' as default
[0.762s] -- Found ament_lint_auto: 0.7.12 (/home/koki/ros2_dashing/install/ament_lint_auto/share/ament_lint_auto/cmake)
[0.895s] Error parsing '/home/koki/ros2_studies_ws/ros2_test/package.xml':
[1.005s] Traceback (most recent call last):
[1.006s]   File "/home/koki/ros2_dashing/install/ament_cmake_core/share/ament_cmake_core/cmake/core/package_xml_2_cmake.py", line 143, in <module>
[1.006s]     main()
[1.006s]   File "/home/koki/ros2_dashing/install/ament_cmake_core/share/ament_cmake_core/cmake/core/package_xml_2_cmake.py", line 52, in main
[1.006s]     raise e
[1.006s]   File "/home/koki/ros2_dashing/install/ament_cmake_core/share/ament_cmake_core/cmake/core/package_xml_2_cmake.py", line 49, in main
[1.006s]     args.package_xml.read(), filename=args.package_xml.name)
[1.006s]   File "/usr/lib/python3/dist-packages/catkin_pkg/package.py", line 771, in parse_package_string
[1.006s]     raise InvalidPackage('Error(s):%s' % (''.join(['\n- %s' % e for e in errors])), filename)
[1.006s] catkin_pkg.package.InvalidPackage: Error(s) in package '/home/koki/ros2_studies_ws/ros2_test/package.xml':
[1.006s] Error(s):
[1.006s] - The generic dependency on 'rclcpp' is redundant with: build_depend, exec_depend
[1.022s] CMake Error at /home/koki/ros2_dashing/install/ament_cmake_core/share/ament_cmake_core/cmake/core/ament_package_xml.cmake:94 (message):
[1.022s]   execute_process(/usr/bin/python3
[1.022s]   /home/koki/ros2_dashing/install/ament_cmake_core/share/ament_cmake_core/cmake/core/package_xml_2_cmake.py
[1.022s]   /home/koki/ros2_studies_ws/ros2_test/package.xml
[1.022s]   /home/koki/ros2_studies_ws/build/ros2_test/ament_cmake_core/package.cmake)
[1.022s]   returned error code 1
[1.022s] Call Stack (most recent call first):
[1.022s]   /home/koki/ros2_dashing/install/ament_cmake_core/share/ament_cmake_core/cmake/core/ament_package_xml.cmake:49 (_ament_package_xml)
[1.022s]   /home/koki/ros2_dashing/install/ament_lint_auto/share/ament_lint_auto/cmake/ament_lint_auto_find_test_dependencies.cmake:31 (ament_package_xml)
[1.022s]   CMakeLists.txt:41 (ament_lint_auto_find_test_dependencies)
[1.023s] 
[1.023s] 
[1.023s] -- Configuring incomplete, errors occurred!
[1.023s] See also "/home/koki/ros2_studies_ws/build/ros2_test/CMakeFiles/CMakeOutput.log".
[1.023s] See also "/home/koki/ros2_studies_ws/build/ros2_test/CMakeFiles/CMakeError.log".
[1.025s] Makefile:208: recipe for target 'cmake_check_build_system' failed
[1.025s] make: *** [cmake_check_build_system] Error 1
[1.027s] Invoked command in '/home/koki/ros2_studies_ws/build/ros2_test' returned '2': /usr/bin/cmake --build /home/koki/ros2_studies_ws/build/ros2_test -- -j8 -l8
