-- Found ament_cmake: 0.7.5 (/home/koki/ros2_dashing/install/ament_cmake/share/ament_cmake/cmake)
-- Using PYTHON_EXECUTABLE: /usr/bin/python3
-- Override CMake install command with custom implementation using symlinks instead of copying resources
-- Found rclcpp: 0.7.14 (/home/koki/ros2_dashing/install/rclcpp/share/rclcpp/cmake)
-- Found rosidl_adapter: 0.7.9 (/home/koki/ros2_dashing/install/rosidl_adapter/share/rosidl_adapter/cmake)
-- Found rmw_implementation_cmake: 0.7.2 (/home/koki/ros2_dashing/install/rmw_implementation_cmake/share/rmw_implementation_cmake/cmake)
-- Using RMW implementation 'rmw_fastrtps_cpp' as default
-- Found ament_lint_auto: 0.7.12 (/home/koki/ros2_dashing/install/ament_lint_auto/share/ament_lint_auto/cmake)
-- Added test 'copyright' to check for copyright in CMake / C / C++ / Python code
-- Added test 'cppcheck' to perform static code analysis on C / C++ code
-- Configured cppcheck include dirs: 
-- Added test 'cpplint' to check C / C++ code against the Google style
-- Added test 'lint_cmake' to check CMake code style
-- Added test 'uncrustify' to check C / C++ code style
-- Added test 'xmllint' to check XML markup files
-- Configuring done
-- Generating done
-- Build files have been written to: /home/koki/ros2_studies_ws/build/ros2_test
[35m[1mScanning dependencies of target minimal_node_test[0m
[ 66%] [32mBuilding CXX object CMakeFiles/minimal_node_test.dir/src/minimal_node.cpp.o[0m
[ 66%] [32mBuilding CXX object CMakeFiles/minimal_node_test.dir/src/main.cpp.o[0m
In file included from [01m[K/home/koki/ros2_dashing/install/rclcpp/include/rclcpp/service.hpp:33:0[m[K,
                 from [01m[K/home/koki/ros2_dashing/install/rclcpp/include/rclcpp/callback_group.hpp:25[m[K,
                 from [01m[K/home/koki/ros2_dashing/install/rclcpp/include/rclcpp/any_executable.hpp:20[m[K,
                 from [01m[K/home/koki/ros2_dashing/install/rclcpp/include/rclcpp/memory_strategy.hpp:24[m[K,
                 from [01m[K/home/koki/ros2_dashing/install/rclcpp/include/rclcpp/memory_strategies.hpp:18[m[K,
                 from [01m[K/home/koki/ros2_dashing/install/rclcpp/include/rclcpp/executor.hpp:33[m[K,
                 from [01m[K/home/koki/ros2_dashing/install/rclcpp/include/rclcpp/executors/multi_threaded_executor.hpp:24[m[K,
                 from [01m[K/home/koki/ros2_dashing/install/rclcpp/include/rclcpp/executors.hpp:21[m[K,
                 from [01m[K/home/koki/ros2_dashing/install/rclcpp/include/rclcpp/rclcpp.hpp:144[m[K,
                 from [01m[K/home/koki/ros2_studies_ws/ros2_test/src/minimal_node.cpp:1[m[K:
[01m[K/home/koki/ros2_studies_ws/ros2_test/src/minimal_node.cpp:[m[K In constructor ‚Äò[01m[KMinimalNode::MinimalNode(const string&, const rclcpp::NodeOptions&)[m[K‚Äô:
[01m[K/home/koki/ros2_studies_ws/ros2_test/src/minimal_node.cpp:6:23:[m[K [01;31m[Kerror: [m[K‚Äò[01m[Kclass MinimalNode[m[K‚Äô has no member named ‚Äò[01m[Kgetlogger[m[K‚Äô; did you mean ‚Äò[01m[Kget_logger[m[K‚Äô?
     RCLCPP_INFO(this->[01;31m[Kg[m[Ketlogger(), "minimal_node_test");
                       [01;31m[K^[m[K
[01m[K/home/koki/ros2_dashing/install/rclcpp/include/rclcpp/logging.hpp:215:86:[m[K [01;36m[Knote: [m[Kin definition of macro ‚Äò[01m[KRCLCPP_INFO[m[K‚Äô
       ::std::is_same<typename std::remove_reference<typename std::remove_cv<decltype([01;36m[Klogger[m[K)>::type>::type, \
                                                                                      [01;36m[K^~~~~~[m[K
[01m[K/home/koki/ros2_studies_ws/ros2_test/src/minimal_node.cpp:6:23:[m[K [01;31m[Kerror: [m[K‚Äò[01m[Kclass MinimalNode[m[K‚Äô has no member named ‚Äò[01m[Kgetlogger[m[K‚Äô; did you mean ‚Äò[01m[Kget_logger[m[K‚Äô?
     RCLCPP_INFO(this->[01;31m[Kg[m[Ketlogger(), "minimal_node_test");
                       [01;31m[K^[m[K
[01m[K/home/koki/ros2_dashing/install/rclcpp/include/rclcpp/logging.hpp:215:86:[m[K [01;36m[Knote: [m[Kin definition of macro ‚Äò[01m[KRCLCPP_INFO[m[K‚Äô
       ::std::is_same<typename std::remove_reference<typename std::remove_cv<decltype([01;36m[Klogger[m[K)>::type>::type, \
                                                                                      [01;36m[K^~~~~~[m[K
[01m[K/home/koki/ros2_dashing/install/rclcpp/include/rclcpp/logging.hpp:215:93:[m[K [01;31m[Kerror: [m[Ktemplate argument 1 is invalid
       ::std::is_same<typename std::remove_reference<typename std::remove_cv<decltype(logger)[01;31m[K>[m[K::type>::type, \
                                                                                             [01;31m[K^[m[K
[01m[K/home/koki/ros2_studies_ws/ros2_test/src/minimal_node.cpp:6:5:[m[K [01;36m[Knote: [m[Kin expansion of macro ‚Äò[01m[KRCLCPP_INFO[m[K‚Äô
     [01;36m[KRCLCPP_INFO[m[K(this->getlogger(), "minimal_node_test");
     [01;36m[K^~~~~~~~~~~[m[K
[01m[K/home/koki/ros2_dashing/install/rclcpp/include/rclcpp/logging.hpp:215:100:[m[K [01;31m[Kerror: [m[Ktemplate argument 1 is invalid
       ::std::is_same<typename std::remove_reference<typename std::remove_cv<decltype(logger)>::type[01;31m[K>[m[K::type, \
                                                                                                    [01;31m[K^[m[K
[01m[K/home/koki/ros2_studies_ws/ros2_test/src/minimal_node.cpp:6:5:[m[K [01;36m[Knote: [m[Kin expansion of macro ‚Äò[01m[KRCLCPP_INFO[m[K‚Äô
     [01;36m[KRCLCPP_INFO[m[K(this->getlogger(), "minimal_node_test");
     [01;36m[K^~~~~~~~~~~[m[K
[01m[K/home/koki/ros2_dashing/install/rclcpp/include/rclcpp/logging.hpp:216:32:[m[K [01;31m[Kerror: [m[Ktemplate argument 1 is invalid
       typename ::rclcpp::Logger[01;31m[K>[m[K::value, \
                                [01;31m[K^[m[K
[01m[K/home/koki/ros2_studies_ws/ros2_test/src/minimal_node.cpp:6:5:[m[K [01;36m[Knote: [m[Kin expansion of macro ‚Äò[01m[KRCLCPP_INFO[m[K‚Äô
     [01;36m[KRCLCPP_INFO[m[K(this->getlogger(), "minimal_node_test");
     [01;36m[K^~~~~~~~~~~[m[K
In file included from [01m[K/home/koki/ros2_dashing/install/rclcpp/include/rclcpp/client.hpp:39:0[m[K,
                 from [01m[K/home/koki/ros2_dashing/install/rclcpp/include/rclcpp/callback_group.hpp:23[m[K,
                 from [01m[K/home/koki/ros2_dashing/install/rclcpp/include/rclcpp/any_executable.hpp:20[m[K,
                 from [01m[K/home/koki/ros2_dashing/install/rclcpp/include/rclcpp/memory_strategy.hpp:24[m[K,
                 from [01m[K/home/koki/ros2_dashing/install/rclcpp/include/rclcpp/memory_strategies.hpp:18[m[K,
                 from [01m[K/home/koki/ros2_dashing/install/rclcpp/include/rclcpp/executor.hpp:33[m[K,
                 from [01m[K/home/koki/ros2_dashing/install/rclcpp/include/rclcpp/executors/multi_threaded_executor.hpp:24[m[K,
                 from [01m[K/home/koki/ros2_dashing/install/rclcpp/include/rclcpp/executors.hpp:21[m[K,
                 from [01m[K/home/koki/ros2_dashing/install/rclcpp/include/rclcpp/rclcpp.hpp:144[m[K,
                 from [01m[K/home/koki/ros2_studies_ws/ros2_test/src/minimal_node.cpp:1[m[K:
[01m[K/home/koki/ros2_studies_ws/ros2_test/src/minimal_node.cpp:6:23:[m[K [01;31m[Kerror: [m[K‚Äò[01m[Kclass MinimalNode[m[K‚Äô has no member named ‚Äò[01m[Kgetlogger[m[K‚Äô; did you mean ‚Äò[01m[Kget_logger[m[K‚Äô?
     RCLCPP_INFO(this->[01;31m[Kg[m[Ketlogger(), "minimal_node_test");
                       [01;31m[K^[m[K
[01m[K/home/koki/ros2_dashing/install/rcutils/include/rcutils/logging_macros.h:70:47:[m[K [01;36m[Knote: [m[Kin definition of macro ‚Äò[01m[KRCUTILS_LOG_COND_NAMED[m[K‚Äô
     if (rcutils_logging_logger_is_enabled_for([01;36m[Kname[m[K, severity)) { \
                                               [01;36m[K^~~~[m[K
[01m[K/home/koki/ros2_dashing/install/rclcpp/include/rclcpp/logging.hpp:218:5:[m[K [01;36m[Knote: [m[Kin expansion of macro ‚Äò[01m[KRCUTILS_LOG_INFO_NAMED[m[K‚Äô
     [01;36m[KRCUTILS_LOG_INFO_NAMED[m[K( \
     [01;36m[K^~~~~~~~~~~~~~~~~~~~~~[m[K
[01m[K/home/koki/ros2_studies_ws/ros2_test/src/minimal_node.cpp:6:5:[m[K [01;36m[Knote: [m[Kin expansion of macro ‚Äò[01m[KRCLCPP_INFO[m[K‚Äô
     [01;36m[KRCLCPP_INFO[m[K(this->getlogger(), "minimal_node_test");
     [01;36m[K^~~~~~~~~~~[m[K
[01m[K/home/koki/ros2_studies_ws/ros2_test/src/minimal_node.cpp:6:23:[m[K [01;31m[Kerror: [m[K‚Äò[01m[Kclass MinimalNode[m[K‚Äô has no member named ‚Äò[01m[Kgetlogger[m[K‚Äô; did you mean ‚Äò[01m[Kget_logger[m[K‚Äô?
     RCLCPP_INFO(this->[01;31m[Kg[m[Ketlogger(), "minimal_node_test");
                       [01;31m[K^[m[K
[01m[K/home/koki/ros2_dashing/install/rcutils/include/rcutils/logging_macros.h:72:58:[m[K [01;36m[Knote: [m[Kin definition of macro ‚Äò[01m[KRCUTILS_LOG_COND_NAMED[m[K‚Äô
       rcutils_log(&__rcutils_logging_location, severity, [01;36m[Kname[m[K, __VA_ARGS__); \
                                                          [01;36m[K^~~~[m[K
[01m[K/home/koki/ros2_dashing/install/rclcpp/include/rclcpp/logging.hpp:218:5:[m[K [01;36m[Knote: [m[Kin expansion of macro ‚Äò[01m[KRCUTILS_LOG_INFO_NAMED[m[K‚Äô
     [01;36m[KRCUTILS_LOG_INFO_NAMED[m[K( \
     [01;36m[K^~~~~~~~~~~~~~~~~~~~~~[m[K
[01m[K/home/koki/ros2_studies_ws/ros2_test/src/minimal_node.cpp:6:5:[m[K [01;36m[Knote: [m[Kin expansion of macro ‚Äò[01m[KRCLCPP_INFO[m[K‚Äô
     [01;36m[KRCLCPP_INFO[m[K(this->getlogger(), "minimal_node_test");
     [01;36m[K^~~~~~~~~~~[m[K
make[2]: *** [CMakeFiles/minimal_node_test.dir/src/minimal_node.cpp.o] Error 1
make[2]: *** Êú™ÂÆå‰∫Ü„ÅÆ„Ç∏„Éß„Éñ„ÇíÂæÖ„Å£„Å¶„ÅÑ„Åæ„Åô....
CMakeFiles/minimal_node_test.dir/build.make:86: recipe for target 'CMakeFiles/minimal_node_test.dir/src/minimal_node.cpp.o' failed
CMakeFiles/Makefile2:67: recipe for target 'CMakeFiles/minimal_node_test.dir/all' failed
make[1]: *** [CMakeFiles/minimal_node_test.dir/all] Error 2
make: *** [all] Error 2
Makefile:140: recipe for target 'all' failed
