[0.043s] Invoking command in '/home/koki/ros2_studies_ws/build/ros2_test': CMAKE_PREFIX_PATH=${CMAKE_PREFIX_PATH}:/home/koki/ros2_dashing/install/ros2bag:/home/koki/ros2_dashing/install/topic_monitor:/home/koki/ros2_dashing/install/sros2:/home/koki/ros2_dashing/install/rqt_topic:/home/koki/ros2_dashing/install/rqt_action:/home/koki/ros2_dashing/install/rqt:/home/koki/ros2_dashing/install/rqt_graph:/home/koki/ros2_dashing/install/rqt_gui_py:/home/koki/ros2_dashing/install/rqt_gui:/home/koki/ros2_dashing/install/ros2topic:/home/koki/ros2_dashing/install/ros2test:/home/koki/ros2_dashing/install/ros2component:/home/koki/ros2_dashing/install/ros2param:/home/koki/ros2_dashing/install/ros2lifecycle:/home/koki/ros2_dashing/install/ros2service:/home/koki/ros2_dashing/install/ros2srv:/home/koki/ros2_dashing/install/ros2run:/home/koki/ros2_dashing/install/ros2launch:/home/koki/ros2_dashing/install/ros2pkg:/home/koki/ros2_dashing/install/ros2node:/home/koki/ros2_dashing/install/ros2multicast:/home/koki/ros2_dashing/install/ros2msg:/home/koki/ros2_dashing/install/ros2action:/home/koki/ros2_dashing/install/ros2cli:/home/koki/ros2_dashing/install/quality_of_service_demo_py:/home/koki/ros2_dashing/install/launch_testing_ros:/home/koki/ros2_dashing/install/launch_ros:/home/koki/ros2_dashing/install/examples_rclpy_minimal_subscriber:/home/koki/ros2_dashing/install/examples_rclpy_minimal_service:/home/koki/ros2_dashing/install/examples_rclpy_minimal_publisher:/home/koki/ros2_dashing/install/examples_rclpy_minimal_client:/home/koki/ros2_dashing/install/examples_rclpy_minimal_action_server:/home/koki/ros2_dashing/install/examples_rclpy_minimal_action_client:/home/koki/ros2_dashing/install/examples_rclpy_executors:/home/koki/ros2_dashing/install/demo_nodes_py:/home/koki/ros2_dashing/install/ament_uncrustify:/home/koki/ros2_dashing/install/test_launch_ros:/home/koki/ros2_dashing/install/rosidl_runtime_py:/home/koki/ros2_dashing/install/launch_testing:/home/koki/ros2_dashing/install/launch:/home/koki/ros2_dashing/install/osrf_pycommon:/home/koki/ros2_dashing/install/ament_xmllint:/home/koki/ros2_dashing/install/ament_pyflakes:/home/koki/ros2_dashing/install/ament_pep8:/home/koki/ros2_dashing/install/ament_pep257:/home/koki/ros2_dashing/install/ament_pclint:/home/koki/ros2_dashing/install/ament_package:/home/koki/ros2_dashing/install/ament_lint_cmake:/home/koki/ros2_dashing/install/ament_flake8:/home/koki/ros2_dashing/install/ament_copyright:/home/koki/ros2_dashing/install/ament_lint:/home/koki/ros2_dashing/install/ament_index_python:/home/koki/ros2_dashing/install/ament_cpplint:/home/koki/ros2_dashing/install/ament_cppcheck:/home/koki/ros2_dashing/install/ament_clang_tidy:/home/koki/ros2_dashing/install/ament_clang_format /usr/bin/cmake /home/koki/ros2_studies_ws/ros2_test -DAMENT_CMAKE_SYMLINK_INSTALL=1 -DCMAKE_INSTALL_PREFIX=/home/koki/ros2_studies_ws/install/ros2_test
[0.066s] -- Found ament_cmake: 0.7.5 (/home/koki/ros2_dashing/install/ament_cmake/share/ament_cmake/cmake)
[0.142s] -- Using PYTHON_EXECUTABLE: /usr/bin/python3
[0.469s] -- Override CMake install command with custom implementation using symlinks instead of copying resources
[0.476s] -- Found rclcpp: 0.7.14 (/home/koki/ros2_dashing/install/rclcpp/share/rclcpp/cmake)
[0.515s] -- Found rosidl_adapter: 0.7.9 (/home/koki/ros2_dashing/install/rosidl_adapter/share/rosidl_adapter/cmake)
[0.532s] -- Found rmw_implementation_cmake: 0.7.2 (/home/koki/ros2_dashing/install/rmw_implementation_cmake/share/rmw_implementation_cmake/cmake)
[0.551s] -- Using RMW implementation 'rmw_fastrtps_cpp' as default
[0.708s] -- Found ament_lint_auto: 0.7.12 (/home/koki/ros2_dashing/install/ament_lint_auto/share/ament_lint_auto/cmake)
[0.827s] -- Added test 'copyright' to check for copyright in CMake / C / C++ / Python code
[0.830s] -- Added test 'cppcheck' to perform static code analysis on C / C++ code
[0.830s] -- Configured cppcheck include dirs: 
[0.832s] -- Added test 'cpplint' to check C / C++ code against the Google style
[0.834s] -- Added test 'lint_cmake' to check CMake code style
[0.835s] -- Added test 'uncrustify' to check C / C++ code style
[0.836s] -- Added test 'xmllint' to check XML markup files
[0.838s] -- Configuring done
[0.845s] -- Generating done
[0.845s] -- Build files have been written to: /home/koki/ros2_studies_ws/build/ros2_test
[0.847s] Invoked command in '/home/koki/ros2_studies_ws/build/ros2_test' returned '0': CMAKE_PREFIX_PATH=${CMAKE_PREFIX_PATH}:/home/koki/ros2_dashing/install/ros2bag:/home/koki/ros2_dashing/install/topic_monitor:/home/koki/ros2_dashing/install/sros2:/home/koki/ros2_dashing/install/rqt_topic:/home/koki/ros2_dashing/install/rqt_action:/home/koki/ros2_dashing/install/rqt:/home/koki/ros2_dashing/install/rqt_graph:/home/koki/ros2_dashing/install/rqt_gui_py:/home/koki/ros2_dashing/install/rqt_gui:/home/koki/ros2_dashing/install/ros2topic:/home/koki/ros2_dashing/install/ros2test:/home/koki/ros2_dashing/install/ros2component:/home/koki/ros2_dashing/install/ros2param:/home/koki/ros2_dashing/install/ros2lifecycle:/home/koki/ros2_dashing/install/ros2service:/home/koki/ros2_dashing/install/ros2srv:/home/koki/ros2_dashing/install/ros2run:/home/koki/ros2_dashing/install/ros2launch:/home/koki/ros2_dashing/install/ros2pkg:/home/koki/ros2_dashing/install/ros2node:/home/koki/ros2_dashing/install/ros2multicast:/home/koki/ros2_dashing/install/ros2msg:/home/koki/ros2_dashing/install/ros2action:/home/koki/ros2_dashing/install/ros2cli:/home/koki/ros2_dashing/install/quality_of_service_demo_py:/home/koki/ros2_dashing/install/launch_testing_ros:/home/koki/ros2_dashing/install/launch_ros:/home/koki/ros2_dashing/install/examples_rclpy_minimal_subscriber:/home/koki/ros2_dashing/install/examples_rclpy_minimal_service:/home/koki/ros2_dashing/install/examples_rclpy_minimal_publisher:/home/koki/ros2_dashing/install/examples_rclpy_minimal_client:/home/koki/ros2_dashing/install/examples_rclpy_minimal_action_server:/home/koki/ros2_dashing/install/examples_rclpy_minimal_action_client:/home/koki/ros2_dashing/install/examples_rclpy_executors:/home/koki/ros2_dashing/install/demo_nodes_py:/home/koki/ros2_dashing/install/ament_uncrustify:/home/koki/ros2_dashing/install/test_launch_ros:/home/koki/ros2_dashing/install/rosidl_runtime_py:/home/koki/ros2_dashing/install/launch_testing:/home/koki/ros2_dashing/install/launch:/home/koki/ros2_dashing/install/osrf_pycommon:/home/koki/ros2_dashing/install/ament_xmllint:/home/koki/ros2_dashing/install/ament_pyflakes:/home/koki/ros2_dashing/install/ament_pep8:/home/koki/ros2_dashing/install/ament_pep257:/home/koki/ros2_dashing/install/ament_pclint:/home/koki/ros2_dashing/install/ament_package:/home/koki/ros2_dashing/install/ament_lint_cmake:/home/koki/ros2_dashing/install/ament_flake8:/home/koki/ros2_dashing/install/ament_copyright:/home/koki/ros2_dashing/install/ament_lint:/home/koki/ros2_dashing/install/ament_index_python:/home/koki/ros2_dashing/install/ament_cpplint:/home/koki/ros2_dashing/install/ament_cppcheck:/home/koki/ros2_dashing/install/ament_clang_tidy:/home/koki/ros2_dashing/install/ament_clang_format /usr/bin/cmake /home/koki/ros2_studies_ws/ros2_test -DAMENT_CMAKE_SYMLINK_INSTALL=1 -DCMAKE_INSTALL_PREFIX=/home/koki/ros2_studies_ws/install/ros2_test
[0.849s] Invoking command in '/home/koki/ros2_studies_ws/build/ros2_test': CMAKE_PREFIX_PATH=${CMAKE_PREFIX_PATH}:/home/koki/ros2_dashing/install/ros2bag:/home/koki/ros2_dashing/install/topic_monitor:/home/koki/ros2_dashing/install/sros2:/home/koki/ros2_dashing/install/rqt_topic:/home/koki/ros2_dashing/install/rqt_action:/home/koki/ros2_dashing/install/rqt:/home/koki/ros2_dashing/install/rqt_graph:/home/koki/ros2_dashing/install/rqt_gui_py:/home/koki/ros2_dashing/install/rqt_gui:/home/koki/ros2_dashing/install/ros2topic:/home/koki/ros2_dashing/install/ros2test:/home/koki/ros2_dashing/install/ros2component:/home/koki/ros2_dashing/install/ros2param:/home/koki/ros2_dashing/install/ros2lifecycle:/home/koki/ros2_dashing/install/ros2service:/home/koki/ros2_dashing/install/ros2srv:/home/koki/ros2_dashing/install/ros2run:/home/koki/ros2_dashing/install/ros2launch:/home/koki/ros2_dashing/install/ros2pkg:/home/koki/ros2_dashing/install/ros2node:/home/koki/ros2_dashing/install/ros2multicast:/home/koki/ros2_dashing/install/ros2msg:/home/koki/ros2_dashing/install/ros2action:/home/koki/ros2_dashing/install/ros2cli:/home/koki/ros2_dashing/install/quality_of_service_demo_py:/home/koki/ros2_dashing/install/launch_testing_ros:/home/koki/ros2_dashing/install/launch_ros:/home/koki/ros2_dashing/install/examples_rclpy_minimal_subscriber:/home/koki/ros2_dashing/install/examples_rclpy_minimal_service:/home/koki/ros2_dashing/install/examples_rclpy_minimal_publisher:/home/koki/ros2_dashing/install/examples_rclpy_minimal_client:/home/koki/ros2_dashing/install/examples_rclpy_minimal_action_server:/home/koki/ros2_dashing/install/examples_rclpy_minimal_action_client:/home/koki/ros2_dashing/install/examples_rclpy_executors:/home/koki/ros2_dashing/install/demo_nodes_py:/home/koki/ros2_dashing/install/ament_uncrustify:/home/koki/ros2_dashing/install/test_launch_ros:/home/koki/ros2_dashing/install/rosidl_runtime_py:/home/koki/ros2_dashing/install/launch_testing:/home/koki/ros2_dashing/install/launch:/home/koki/ros2_dashing/install/osrf_pycommon:/home/koki/ros2_dashing/install/ament_xmllint:/home/koki/ros2_dashing/install/ament_pyflakes:/home/koki/ros2_dashing/install/ament_pep8:/home/koki/ros2_dashing/install/ament_pep257:/home/koki/ros2_dashing/install/ament_pclint:/home/koki/ros2_dashing/install/ament_package:/home/koki/ros2_dashing/install/ament_lint_cmake:/home/koki/ros2_dashing/install/ament_flake8:/home/koki/ros2_dashing/install/ament_copyright:/home/koki/ros2_dashing/install/ament_lint:/home/koki/ros2_dashing/install/ament_index_python:/home/koki/ros2_dashing/install/ament_cpplint:/home/koki/ros2_dashing/install/ament_cppcheck:/home/koki/ros2_dashing/install/ament_clang_tidy:/home/koki/ros2_dashing/install/ament_clang_format /usr/bin/cmake --build /home/koki/ros2_studies_ws/build/ros2_test -- -j8 -l8
[0.907s] [35m[1mScanning dependencies of target minimal_node_test[0m
[0.939s] [ 66%] [32mBuilding CXX object CMakeFiles/minimal_node_test.dir/src/minimal_node.cpp.o[0m
[0.939s] [ 66%] [32mBuilding CXX object CMakeFiles/minimal_node_test.dir/src/main.cpp.o[0m
[1.674s] In file included from [01m[K/home/koki/ros2_dashing/install/rclcpp/include/rclcpp/service.hpp:33:0[m[K,
[1.674s]                  from [01m[K/home/koki/ros2_dashing/install/rclcpp/include/rclcpp/callback_group.hpp:25[m[K,
[1.674s]                  from [01m[K/home/koki/ros2_dashing/install/rclcpp/include/rclcpp/any_executable.hpp:20[m[K,
[1.674s]                  from [01m[K/home/koki/ros2_dashing/install/rclcpp/include/rclcpp/memory_strategy.hpp:24[m[K,
[1.675s]                  from [01m[K/home/koki/ros2_dashing/install/rclcpp/include/rclcpp/memory_strategies.hpp:18[m[K,
[1.675s]                  from [01m[K/home/koki/ros2_dashing/install/rclcpp/include/rclcpp/executor.hpp:33[m[K,
[1.675s]                  from [01m[K/home/koki/ros2_dashing/install/rclcpp/include/rclcpp/executors/multi_threaded_executor.hpp:24[m[K,
[1.675s]                  from [01m[K/home/koki/ros2_dashing/install/rclcpp/include/rclcpp/executors.hpp:21[m[K,
[1.675s]                  from [01m[K/home/koki/ros2_dashing/install/rclcpp/include/rclcpp/rclcpp.hpp:144[m[K,
[1.675s]                  from [01m[K/home/koki/ros2_studies_ws/ros2_test/src/minimal_node.cpp:1[m[K:
[1.675s] [01m[K/home/koki/ros2_studies_ws/ros2_test/src/minimal_node.cpp:[m[K In constructor ‚Äò[01m[KMinimalNode::MinimalNode(const string&, const rclcpp::NodeOptions&)[m[K‚Äô:
[1.675s] [01m[K/home/koki/ros2_studies_ws/ros2_test/src/minimal_node.cpp:6:23:[m[K [01;31m[Kerror: [m[K‚Äò[01m[Kclass MinimalNode[m[K‚Äô has no member named ‚Äò[01m[Kgetlogger[m[K‚Äô; did you mean ‚Äò[01m[Kget_logger[m[K‚Äô?
[1.675s]      RCLCPP_INFO(this->[01;31m[Kg[m[Ketlogger(), "minimal_node_test");
[1.675s]                        [01;31m[K^[m[K
[1.675s] [01m[K/home/koki/ros2_dashing/install/rclcpp/include/rclcpp/logging.hpp:215:86:[m[K [01;36m[Knote: [m[Kin definition of macro ‚Äò[01m[KRCLCPP_INFO[m[K‚Äô
[1.675s]        ::std::is_same<typename std::remove_reference<typename std::remove_cv<decltype([01;36m[Klogger[m[K)>::type>::type, \
[1.676s]                                                                                       [01;36m[K^~~~~~[m[K
[1.676s] [01m[K/home/koki/ros2_studies_ws/ros2_test/src/minimal_node.cpp:6:23:[m[K [01;31m[Kerror: [m[K‚Äò[01m[Kclass MinimalNode[m[K‚Äô has no member named ‚Äò[01m[Kgetlogger[m[K‚Äô; did you mean ‚Äò[01m[Kget_logger[m[K‚Äô?
[1.676s]      RCLCPP_INFO(this->[01;31m[Kg[m[Ketlogger(), "minimal_node_test");
[1.676s]                        [01;31m[K^[m[K
[1.676s] [01m[K/home/koki/ros2_dashing/install/rclcpp/include/rclcpp/logging.hpp:215:86:[m[K [01;36m[Knote: [m[Kin definition of macro ‚Äò[01m[KRCLCPP_INFO[m[K‚Äô
[1.676s]        ::std::is_same<typename std::remove_reference<typename std::remove_cv<decltype([01;36m[Klogger[m[K)>::type>::type, \
[1.676s]                                                                                       [01;36m[K^~~~~~[m[K
[1.676s] [01m[K/home/koki/ros2_dashing/install/rclcpp/include/rclcpp/logging.hpp:215:93:[m[K [01;31m[Kerror: [m[Ktemplate argument 1 is invalid
[1.676s]        ::std::is_same<typename std::remove_reference<typename std::remove_cv<decltype(logger)[01;31m[K>[m[K::type>::type, \
[1.676s]                                                                                              [01;31m[K^[m[K
[1.676s] [01m[K/home/koki/ros2_studies_ws/ros2_test/src/minimal_node.cpp:6:5:[m[K [01;36m[Knote: [m[Kin expansion of macro ‚Äò[01m[KRCLCPP_INFO[m[K‚Äô
[1.676s]      [01;36m[KRCLCPP_INFO[m[K(this->getlogger(), "minimal_node_test");
[1.676s]      [01;36m[K^~~~~~~~~~~[m[K
[1.676s] [01m[K/home/koki/ros2_dashing/install/rclcpp/include/rclcpp/logging.hpp:215:100:[m[K [01;31m[Kerror: [m[Ktemplate argument 1 is invalid
[1.677s]        ::std::is_same<typename std::remove_reference<typename std::remove_cv<decltype(logger)>::type[01;31m[K>[m[K::type, \
[1.677s]                                                                                                     [01;31m[K^[m[K
[1.677s] [01m[K/home/koki/ros2_studies_ws/ros2_test/src/minimal_node.cpp:6:5:[m[K [01;36m[Knote: [m[Kin expansion of macro ‚Äò[01m[KRCLCPP_INFO[m[K‚Äô
[1.677s]      [01;36m[KRCLCPP_INFO[m[K(this->getlogger(), "minimal_node_test");
[1.677s]      [01;36m[K^~~~~~~~~~~[m[K
[1.677s] [01m[K/home/koki/ros2_dashing/install/rclcpp/include/rclcpp/logging.hpp:216:32:[m[K [01;31m[Kerror: [m[Ktemplate argument 1 is invalid
[1.677s]        typename ::rclcpp::Logger[01;31m[K>[m[K::value, \
[1.677s]                                 [01;31m[K^[m[K
[1.677s] [01m[K/home/koki/ros2_studies_ws/ros2_test/src/minimal_node.cpp:6:5:[m[K [01;36m[Knote: [m[Kin expansion of macro ‚Äò[01m[KRCLCPP_INFO[m[K‚Äô
[1.677s]      [01;36m[KRCLCPP_INFO[m[K(this->getlogger(), "minimal_node_test");
[1.677s]      [01;36m[K^~~~~~~~~~~[m[K
[1.677s] In file included from [01m[K/home/koki/ros2_dashing/install/rclcpp/include/rclcpp/client.hpp:39:0[m[K,
[1.677s]                  from [01m[K/home/koki/ros2_dashing/install/rclcpp/include/rclcpp/callback_group.hpp:23[m[K,
[1.678s]                  from [01m[K/home/koki/ros2_dashing/install/rclcpp/include/rclcpp/any_executable.hpp:20[m[K,
[1.678s]                  from [01m[K/home/koki/ros2_dashing/install/rclcpp/include/rclcpp/memory_strategy.hpp:24[m[K,
[1.678s]                  from [01m[K/home/koki/ros2_dashing/install/rclcpp/include/rclcpp/memory_strategies.hpp:18[m[K,
[1.678s]                  from [01m[K/home/koki/ros2_dashing/install/rclcpp/include/rclcpp/executor.hpp:33[m[K,
[1.678s]                  from [01m[K/home/koki/ros2_dashing/install/rclcpp/include/rclcpp/executors/multi_threaded_executor.hpp:24[m[K,
[1.678s]                  from [01m[K/home/koki/ros2_dashing/install/rclcpp/include/rclcpp/executors.hpp:21[m[K,
[1.678s]                  from [01m[K/home/koki/ros2_dashing/install/rclcpp/include/rclcpp/rclcpp.hpp:144[m[K,
[1.678s]                  from [01m[K/home/koki/ros2_studies_ws/ros2_test/src/minimal_node.cpp:1[m[K:
[1.678s] [01m[K/home/koki/ros2_studies_ws/ros2_test/src/minimal_node.cpp:6:23:[m[K [01;31m[Kerror: [m[K‚Äò[01m[Kclass MinimalNode[m[K‚Äô has no member named ‚Äò[01m[Kgetlogger[m[K‚Äô; did you mean ‚Äò[01m[Kget_logger[m[K‚Äô?
[1.678s]      RCLCPP_INFO(this->[01;31m[Kg[m[Ketlogger(), "minimal_node_test");
[1.678s]                        [01;31m[K^[m[K
[1.678s] [01m[K/home/koki/ros2_dashing/install/rcutils/include/rcutils/logging_macros.h:70:47:[m[K [01;36m[Knote: [m[Kin definition of macro ‚Äò[01m[KRCUTILS_LOG_COND_NAMED[m[K‚Äô
[1.678s]      if (rcutils_logging_logger_is_enabled_for([01;36m[Kname[m[K, severity)) { \
[1.678s]                                                [01;36m[K^~~~[m[K
[1.679s] [01m[K/home/koki/ros2_dashing/install/rclcpp/include/rclcpp/logging.hpp:218:5:[m[K [01;36m[Knote: [m[Kin expansion of macro ‚Äò[01m[KRCUTILS_LOG_INFO_NAMED[m[K‚Äô
[1.679s]      [01;36m[KRCUTILS_LOG_INFO_NAMED[m[K( \
[1.679s]      [01;36m[K^~~~~~~~~~~~~~~~~~~~~~[m[K
[1.679s] [01m[K/home/koki/ros2_studies_ws/ros2_test/src/minimal_node.cpp:6:5:[m[K [01;36m[Knote: [m[Kin expansion of macro ‚Äò[01m[KRCLCPP_INFO[m[K‚Äô
[1.679s]      [01;36m[KRCLCPP_INFO[m[K(this->getlogger(), "minimal_node_test");
[1.679s]      [01;36m[K^~~~~~~~~~~[m[K
[1.679s] [01m[K/home/koki/ros2_studies_ws/ros2_test/src/minimal_node.cpp:6:23:[m[K [01;31m[Kerror: [m[K‚Äò[01m[Kclass MinimalNode[m[K‚Äô has no member named ‚Äò[01m[Kgetlogger[m[K‚Äô; did you mean ‚Äò[01m[Kget_logger[m[K‚Äô?
[1.679s]      RCLCPP_INFO(this->[01;31m[Kg[m[Ketlogger(), "minimal_node_test");
[1.679s]                        [01;31m[K^[m[K
[1.679s] [01m[K/home/koki/ros2_dashing/install/rcutils/include/rcutils/logging_macros.h:72:58:[m[K [01;36m[Knote: [m[Kin definition of macro ‚Äò[01m[KRCUTILS_LOG_COND_NAMED[m[K‚Äô
[1.679s]        rcutils_log(&__rcutils_logging_location, severity, [01;36m[Kname[m[K, __VA_ARGS__); \
[1.679s]                                                           [01;36m[K^~~~[m[K
[1.679s] [01m[K/home/koki/ros2_dashing/install/rclcpp/include/rclcpp/logging.hpp:218:5:[m[K [01;36m[Knote: [m[Kin expansion of macro ‚Äò[01m[KRCUTILS_LOG_INFO_NAMED[m[K‚Äô
[1.679s]      [01;36m[KRCUTILS_LOG_INFO_NAMED[m[K( \
[1.680s]      [01;36m[K^~~~~~~~~~~~~~~~~~~~~~[m[K
[1.680s] [01m[K/home/koki/ros2_studies_ws/ros2_test/src/minimal_node.cpp:6:5:[m[K [01;36m[Knote: [m[Kin expansion of macro ‚Äò[01m[KRCLCPP_INFO[m[K‚Äô
[1.680s]      [01;36m[KRCLCPP_INFO[m[K(this->getlogger(), "minimal_node_test");
[1.680s]      [01;36m[K^~~~~~~~~~~[m[K
[1.791s] make[2]: *** [CMakeFiles/minimal_node_test.dir/src/minimal_node.cpp.o] Error 1
[1.791s] make[2]: *** Êú™ÂÆå‰∫Ü„ÅÆ„Ç∏„Éß„Éñ„ÇíÂæÖ„Å£„Å¶„ÅÑ„Åæ„Åô....
[1.791s] CMakeFiles/minimal_node_test.dir/build.make:86: recipe for target 'CMakeFiles/minimal_node_test.dir/src/minimal_node.cpp.o' failed
[1.884s] CMakeFiles/Makefile2:67: recipe for target 'CMakeFiles/minimal_node_test.dir/all' failed
[1.884s] make[1]: *** [CMakeFiles/minimal_node_test.dir/all] Error 2
[1.884s] make: *** [all] Error 2
[1.884s] Makefile:140: recipe for target 'all' failed
[1.885s] Invoked command in '/home/koki/ros2_studies_ws/build/ros2_test' returned '2': CMAKE_PREFIX_PATH=${CMAKE_PREFIX_PATH}:/home/koki/ros2_dashing/install/ros2bag:/home/koki/ros2_dashing/install/topic_monitor:/home/koki/ros2_dashing/install/sros2:/home/koki/ros2_dashing/install/rqt_topic:/home/koki/ros2_dashing/install/rqt_action:/home/koki/ros2_dashing/install/rqt:/home/koki/ros2_dashing/install/rqt_graph:/home/koki/ros2_dashing/install/rqt_gui_py:/home/koki/ros2_dashing/install/rqt_gui:/home/koki/ros2_dashing/install/ros2topic:/home/koki/ros2_dashing/install/ros2test:/home/koki/ros2_dashing/install/ros2component:/home/koki/ros2_dashing/install/ros2param:/home/koki/ros2_dashing/install/ros2lifecycle:/home/koki/ros2_dashing/install/ros2service:/home/koki/ros2_dashing/install/ros2srv:/home/koki/ros2_dashing/install/ros2run:/home/koki/ros2_dashing/install/ros2launch:/home/koki/ros2_dashing/install/ros2pkg:/home/koki/ros2_dashing/install/ros2node:/home/koki/ros2_dashing/install/ros2multicast:/home/koki/ros2_dashing/install/ros2msg:/home/koki/ros2_dashing/install/ros2action:/home/koki/ros2_dashing/install/ros2cli:/home/koki/ros2_dashing/install/quality_of_service_demo_py:/home/koki/ros2_dashing/install/launch_testing_ros:/home/koki/ros2_dashing/install/launch_ros:/home/koki/ros2_dashing/install/examples_rclpy_minimal_subscriber:/home/koki/ros2_dashing/install/examples_rclpy_minimal_service:/home/koki/ros2_dashing/install/examples_rclpy_minimal_publisher:/home/koki/ros2_dashing/install/examples_rclpy_minimal_client:/home/koki/ros2_dashing/install/examples_rclpy_minimal_action_server:/home/koki/ros2_dashing/install/examples_rclpy_minimal_action_client:/home/koki/ros2_dashing/install/examples_rclpy_executors:/home/koki/ros2_dashing/install/demo_nodes_py:/home/koki/ros2_dashing/install/ament_uncrustify:/home/koki/ros2_dashing/install/test_launch_ros:/home/koki/ros2_dashing/install/rosidl_runtime_py:/home/koki/ros2_dashing/install/launch_testing:/home/koki/ros2_dashing/install/launch:/home/koki/ros2_dashing/install/osrf_pycommon:/home/koki/ros2_dashing/install/ament_xmllint:/home/koki/ros2_dashing/install/ament_pyflakes:/home/koki/ros2_dashing/install/ament_pep8:/home/koki/ros2_dashing/install/ament_pep257:/home/koki/ros2_dashing/install/ament_pclint:/home/koki/ros2_dashing/install/ament_package:/home/koki/ros2_dashing/install/ament_lint_cmake:/home/koki/ros2_dashing/install/ament_flake8:/home/koki/ros2_dashing/install/ament_copyright:/home/koki/ros2_dashing/install/ament_lint:/home/koki/ros2_dashing/install/ament_index_python:/home/koki/ros2_dashing/install/ament_cpplint:/home/koki/ros2_dashing/install/ament_cppcheck:/home/koki/ros2_dashing/install/ament_clang_tidy:/home/koki/ros2_dashing/install/ament_clang_format /usr/bin/cmake --build /home/koki/ros2_studies_ws/build/ros2_test -- -j8 -l8
